andBaseDemo/build/outputs/logs/manifest-merger-debug-report.txt
-- Merging decision tree log ---
manifest
ADDED from src/main/AndroidManifest.xml:2:1-465:12
INJECTED from src/main/AndroidManifest.xml:2:1-465:12
INJECTED from src/main/AndroidManifest.xml:2:1-465:12
INJECTED from src/main/AndroidManifest.xml:2:1-465:12
MERGED from [:andBase] AndroidManifest.xml:2:1-22:12
INJECTED from src/main/AndroidManifest.xml:2:1-465:12
INJECTED from src/main/AndroidManifest.xml:2:1-465:12
INJECTED from src/main/AndroidManifest.xml:2:1-465:12
	package
		ADDED from src/main/AndroidManifest.xml:4:5-26
		INJECTED from src/main/AndroidManifest.xml
		INJECTED from src/main/AndroidManifest.xml
	android:versionName
		ADDED from src/main/AndroidManifest.xml:6:5-32
		INJECTED from src/main/AndroidManifest.xml
		INJECTED from src/main/AndroidManifest.xml
	xmlns:tools
		ADDED from src/main/AndroidManifest.xml:3:5-51
	xmlns:android
		ADDED from src/main/AndroidManifest.xml:2:11-69
	android:versionCode
		ADDED from src/main/AndroidManifest.xml:5:5-29
		INJECTED from src/main/AndroidManifest.xml
		INJECTED from src/main/AndroidManifest.xml
uses-sdk
ADDED from src/main/AndroidManifest.xml:8:5-10:40
INJECTED from src/main/AndroidManifest.xml:8:5-10:40
INJECTED from src/main/AndroidManifest.xml:8:5-10:40
MERGED from [:andBase] AndroidManifest.xml:7:5-9:41
MERGED from [:andBase] AndroidManifest.xml:7:5-9:41
INJECTED from src/main/AndroidManifest.xml:8:5-10:40
INJECTED from src/main/AndroidManifest.xml:8:5-10:40
	android:targetSdkVersion
		ADDED from src/main/AndroidManifest.xml:10:9-38
		INJECTED from src/main/AndroidManifest.xml
		INJECTED from src/main/AndroidManifest.xml
	android:minSdkVersion
		ADDED from src/main/AndroidManifest.xml:9:9-35
		INJECTED from src/main/AndroidManifest.xml
		INJECTED from src/main/AndroidManifest.xml
uses-permission#android.permission.INTERNET
ADDED from src/main/AndroidManifest.xml:13:2-64
MERGED from [:andBase] AndroidManifest.xml:11:5-67
MERGED from [:andBase] AndroidManifest.xml:11:5-67
	android:name
		ADDED from src/main/AndroidManifest.xml:13:19-61
uses-permission#android.permission.READ_PHONE_STATE
ADDED from src/main/AndroidManifest.xml:14:2-72
	android:name
		ADDED from src/main/AndroidManifest.xml:14:19-69
uses-permission#android.permission.ACCESS_NETWORK_STATE
ADDED from src/main/AndroidManifest.xml:15:2-76
	android:name
		ADDED from src/main/AndroidManifest.xml:15:19-73
uses-permission#android.permission.ACCESS_COARSE_LOCATION
ADDED from src/main/AndroidManifest.xml:16:2-78
	android:name
		ADDED from src/main/AndroidManifest.xml:16:19-75
uses-permission#android.permission.WRITE_EXTERNAL_STORAGE
ADDED from src/main/AndroidManifest.xml:17:5-81
MERGED from [:andBase] AndroidManifest.xml:12:5-81
MERGED from [:andBase] AndroidManifest.xml:12:5-81
	android:name
		ADDED from src/main/AndroidManifest.xml:17:22-78
uses-permission#android.permission.ACCESS_WIFI_STATE
ADDED from src/main/AndroidManifest.xml:18:5-76
	android:name
		ADDED from src/main/AndroidManifest.xml:18:22-73
uses-permission#android.permission.CHANGE_WIFI_STATE
ADDED from src/main/AndroidManifest.xml:19:5-76
	android:name
		ADDED from src/main/AndroidManifest.xml:19:22-73
uses-permission#android.permission.SYSTEM_ALERT_WINDOW
ADDED from src/main/AndroidManifest.xml:20:5-78
	android:name
		ADDED from src/main/AndroidManifest.xml:20:22-75
uses-permission#android.permission.WAKE_LOCK
ADDED from src/main/AndroidManifest.xml:21:5-68
	android:name
		ADDED from src/main/AndroidManifest.xml:21:22-65
uses-permission#android.permission.VIBRATE
ADDED from src/main/AndroidManifest.xml:22:5-66
	android:name
		ADDED from src/main/AndroidManifest.xml:22:22-63
uses-permission#android.permission.RECORD_AUDIO
ADDED from src/main/AndroidManifest.xml:23:5-71
	android:name
		ADDED from src/main/AndroidManifest.xml:23:22-68
uses-permission#com.android.launcher.permission.INSTALL_SHORTCUT
ADDED from src/main/AndroidManifest.xml:26:5-88
	android:name
		ADDED from src/main/AndroidManifest.xml:26:22-85
uses-permission#com.android.browser.permission.READ_HISTORY_BOOKMARKS
ADDED from src/main/AndroidManifest.xml:27:5-93
	android:name
		ADDED from src/main/AndroidManifest.xml:27:22-90
uses-permission#com.android.browser.permission.WRITE_HISTORY_BOOKMARKS
ADDED from src/main/AndroidManifest.xml:28:5-94
	android:name
		ADDED from src/main/AndroidManifest.xml:28:22-91
application
ADDED from src/main/AndroidManifest.xml:31:5-463:19
MERGED from [:andBase] AndroidManifest.xml:16:5-20:19
MERGED from [:andBase] AndroidManifest.xml:16:5-20:19
	android:label
		ADDED from src/main/AndroidManifest.xml:34:9-41
	android:allowBackup
		ADDED from [:andBase] AndroidManifest.xml:17:9-35
	android:icon
		ADDED from src/main/AndroidManifest.xml:33:9-45
	android:theme
		ADDED from src/main/AndroidManifest.xml:35:9-39
	android:name
		ADDED from src/main/AndroidManifest.xml:32:9-45
activity#com.andbase.main.LauncherActivity
ADDED from src/main/AndroidManifest.xml:36:9-44:20
	android:launchMode
		ADDED from src/main/AndroidManifest.xml:38:13-43
	android:configChanges
		ADDED from src/main/AndroidManifest.xml:39:13-63
	android:name
		ADDED from src/main/AndroidManifest.xml:37:13-50
intent-filter#android.intent.action.MAIN+android.intent.category.LAUNCHER
ADDED from src/main/AndroidManifest.xml:40:13-43:29
action#android.intent.action.MAIN
ADDED from src/main/AndroidManifest.xml:41:17-69
	android:name
		ADDED from src/main/AndroidManifest.xml:41:25-66
category#android.intent.category.LAUNCHER
ADDED from src/main/AndroidManifest.xml:42:17-77
	android:name
		ADDED from src/main/AndroidManifest.xml:42:27-74
activity#com.andbase.main.MainActivity
ADDED from src/main/AndroidManifest.xml:46:9-49:20
	android:configChanges
		ADDED from src/main/AndroidManifest.xml:48:13-63
	android:name
		ADDED from src/main/AndroidManifest.xml:47:13-46
activity#com.andbase.demo.activity.DemoMainActivity
ADDED from src/main/AndroidManifest.xml:51:10-54:20
	android:configChanges
		ADDED from src/main/AndroidManifest.xml:53:13-63
	android:name
		ADDED from src/main/AndroidManifest.xml:52:13-59
activity#com.andbase.demo.activity.DialogActivity
ADDED from src/main/AndroidManifest.xml:56:10-59:20
	android:configChanges
		ADDED from src/main/AndroidManifest.xml:58:13-63
	android:name
		ADDED from src/main/AndroidManifest.xml:57:13-57
activity#com.andbase.demo.activity.ImageDownActivity
ADDED from src/main/AndroidManifest.xml:61:10-64:20
	android:configChanges
		ADDED from src/main/AndroidManifest.xml:63:13-63
	android:name
		ADDED from src/main/AndroidManifest.xml:62:13-60
activity#com.andbase.demo.activity.AnimationActivity
ADDED from src/main/AndroidManifest.xml:66:10-69:20
	android:configChanges
		ADDED from src/main/AndroidManifest.xml:68:13-63
	android:name
		ADDED from src/main/AndroidManifest.xml:67:13-60
activity#com.andbase.demo.activity.UIElementActivity
ADDED from src/main/AndroidManifest.xml:71:10-74:20
	android:configChanges
		ADDED from src/main/AndroidManifest.xml:73:13-63
	android:name
		ADDED from src/main/AndroidManifest.xml:72:13-60
activity#com.andbase.demo.activity.CityListActivity
ADDED from src/main/AndroidManifest.xml:76:9-79:20
	android:configChanges
		ADDED from src/main/AndroidManifest.xml:78:13-63
	android:name
		ADDED from src/main/AndroidManifest.xml:77:13-59
activity#com.andbase.demo.activity.DemoAbActivity
ADDED from src/main/AndroidManifest.xml:81:9-84:20
	android:configChanges
		ADDED from src/main/AndroidManifest.xml:83:13-63
	android:name
		ADDED from src/main/AndroidManifest.xml:82:13-57
activity#com.andbase.demo.activity.DBInsideSampleActivity
ADDED from src/main/AndroidManifest.xml:86:9-89:20
	android:configChanges
		ADDED from src/main/AndroidManifest.xml:88:13-63
	android:name
		ADDED from src/main/AndroidManifest.xml:87:13-65
activity#com.andbase.demo.activity.DBSDSampleActivity
ADDED from src/main/AndroidManifest.xml:91:9-94:20
	android:configChanges
		ADDED from src/main/AndroidManifest.xml:93:13-63
	android:name
		ADDED from src/main/AndroidManifest.xml:92:13-61
activity#com.andbase.demo.activity.DBOne2OneActivity
ADDED from src/main/AndroidManifest.xml:96:9-99:20
	android:configChanges
		ADDED from src/main/AndroidManifest.xml:98:13-63
	android:name
		ADDED from src/main/AndroidManifest.xml:97:13-60
activity#com.andbase.demo.activity.DBOne2ManyActivity
ADDED from src/main/AndroidManifest.xml:101:9-104:20
	android:configChanges
		ADDED from src/main/AndroidManifest.xml:103:13-63
	android:name
		ADDED from src/main/AndroidManifest.xml:102:13-61
activity#com.andbase.demo.activity.DBObjectActivity
ADDED from src/main/AndroidManifest.xml:106:9-109:20
	android:configChanges
		ADDED from src/main/AndroidManifest.xml:108:13-63
	android:name
		ADDED from src/main/AndroidManifest.xml:107:13-59
activity#com.andbase.demo.activity.TitleBarActivity
ADDED from src/main/AndroidManifest.xml:111:9-114:20
	android:configChanges
		ADDED from src/main/AndroidManifest.xml:113:13-63
	android:name
		ADDED from src/main/AndroidManifest.xml:112:13-59
activity#com.andbase.demo.activity.ThreadControlActivity
ADDED from src/main/AndroidManifest.xml:116:9-119:20
	android:configChanges
		ADDED from src/main/AndroidManifest.xml:118:13-63
	android:name
		ADDED from src/main/AndroidManifest.xml:117:13-64
activity#com.andbase.demo.activity.TabActivity
ADDED from src/main/AndroidManifest.xml:121:9-124:20
	android:configChanges
		ADDED from src/main/AndroidManifest.xml:123:13-63
	android:name
		ADDED from src/main/AndroidManifest.xml:122:13-54
activity#com.andbase.demo.activity.TabTopActivity
ADDED from src/main/AndroidManifest.xml:126:10-129:20
	android:configChanges
		ADDED from src/main/AndroidManifest.xml:128:13-63
	android:name
		ADDED from src/main/AndroidManifest.xml:127:13-57
activity#com.andbase.demo.activity.TabBottomActivity
ADDED from src/main/AndroidManifest.xml:131:9-134:20
	android:configChanges
		ADDED from src/main/AndroidManifest.xml:133:13-63
	android:name
		ADDED from src/main/AndroidManifest.xml:132:13-60
activity#com.andbase.demo.activity.DownListActivity
ADDED from src/main/AndroidManifest.xml:136:9-139:20
	android:configChanges
		ADDED from src/main/AndroidManifest.xml:138:13-63
	android:name
		ADDED from src/main/AndroidManifest.xml:137:13-59
activity#com.andbase.demo.activity.DBActivity
ADDED from src/main/AndroidManifest.xml:141:9-144:20
	android:configChanges
		ADDED from src/main/AndroidManifest.xml:143:13-63
	android:name
		ADDED from src/main/AndroidManifest.xml:142:13-53
activity#com.andbase.demo.activity.PullToRefreshActivity
ADDED from src/main/AndroidManifest.xml:146:9-149:20
	android:configChanges
		ADDED from src/main/AndroidManifest.xml:148:13-63
	android:name
		ADDED from src/main/AndroidManifest.xml:147:13-64
activity#com.andbase.demo.activity.ChartActivity
ADDED from src/main/AndroidManifest.xml:151:9-154:20
	android:configChanges
		ADDED from src/main/AndroidManifest.xml:153:13-63
	android:name
		ADDED from src/main/AndroidManifest.xml:152:13-56
activity#com.andbase.demo.activity.PullToRefreshListActivity
ADDED from src/main/AndroidManifest.xml:156:9-159:20
	android:configChanges
		ADDED from src/main/AndroidManifest.xml:158:13-63
	android:name
		ADDED from src/main/AndroidManifest.xml:157:13-68
activity#com.andbase.demo.activity.PullToRefreshGridActivity
ADDED from src/main/AndroidManifest.xml:161:10-164:20
	android:configChanges
		ADDED from src/main/AndroidManifest.xml:163:13-63
	android:name
		ADDED from src/main/AndroidManifest.xml:162:13-68
activity#com.andbase.demo.activity.SlidingButtonActivity
ADDED from src/main/AndroidManifest.xml:166:9-169:20
	android:configChanges
		ADDED from src/main/AndroidManifest.xml:168:13-63
	android:name
		ADDED from src/main/AndroidManifest.xml:167:13-64
activity#com.andbase.demo.activity.SlidingPlayViewActivity
ADDED from src/main/AndroidManifest.xml:171:9-174:20
	android:configChanges
		ADDED from src/main/AndroidManifest.xml:173:13-63
	android:name
		ADDED from src/main/AndroidManifest.xml:172:13-66
activity#com.andbase.demo.activity.SlidingLeftActivity
ADDED from src/main/AndroidManifest.xml:176:10-179:20
	android:configChanges
		ADDED from src/main/AndroidManifest.xml:178:13-63
	android:name
		ADDED from src/main/AndroidManifest.xml:177:13-62
activity#com.andbase.demo.activity.WelcomeActivity
ADDED from src/main/AndroidManifest.xml:182:9-185:20
	android:configChanges
		ADDED from src/main/AndroidManifest.xml:184:13-63
	android:name
		ADDED from src/main/AndroidManifest.xml:183:13-58
activity#com.andbase.demo.activity.XYLineChartActivity
ADDED from src/main/AndroidManifest.xml:187:9-190:20
	android:configChanges
		ADDED from src/main/AndroidManifest.xml:189:13-63
	android:name
		ADDED from src/main/AndroidManifest.xml:188:13-62
activity#com.andbase.demo.activity.XYBarChartActivity
ADDED from src/main/AndroidManifest.xml:192:9-195:20
	android:configChanges
		ADDED from src/main/AndroidManifest.xml:194:13-63
	android:name
		ADDED from src/main/AndroidManifest.xml:193:13-61
activity#com.andbase.demo.activity.PieChartActivity
ADDED from src/main/AndroidManifest.xml:197:9-200:20
	android:configChanges
		ADDED from src/main/AndroidManifest.xml:199:13-63
	android:name
		ADDED from src/main/AndroidManifest.xml:198:13-59
activity#com.andbase.demo.activity.TimeChartActivity
ADDED from src/main/AndroidManifest.xml:202:9-205:20
	android:configChanges
		ADDED from src/main/AndroidManifest.xml:204:13-63
	android:name
		ADDED from src/main/AndroidManifest.xml:203:13-60
activity#com.andbase.demo.activity.XYAreaChartActivity
ADDED from src/main/AndroidManifest.xml:207:9-210:20
	android:configChanges
		ADDED from src/main/AndroidManifest.xml:209:13-63
	android:name
		ADDED from src/main/AndroidManifest.xml:208:13-62
activity#com.andbase.demo.activity.LevelChartActivity
ADDED from src/main/AndroidManifest.xml:212:9-215:20
	android:configChanges
		ADDED from src/main/AndroidManifest.xml:214:13-63
	android:name
		ADDED from src/main/AndroidManifest.xml:213:13-61
activity#com.andbase.demo.activity.WheelActivity
ADDED from src/main/AndroidManifest.xml:217:9-220:20
	android:configChanges
		ADDED from src/main/AndroidManifest.xml:219:13-63
	android:name
		ADDED from src/main/AndroidManifest.xml:218:13-56
activity#com.andbase.demo.activity.CropImageActivity
ADDED from src/main/AndroidManifest.xml:222:9-225:20
	android:configChanges
		ADDED from src/main/AndroidManifest.xml:224:13-63
	android:name
		ADDED from src/main/AndroidManifest.xml:223:13-60
activity#com.andbase.demo.activity.AddPhotoActivity
ADDED from src/main/AndroidManifest.xml:227:9-230:20
	android:configChanges
		ADDED from src/main/AndroidManifest.xml:229:13-63
	android:name
		ADDED from src/main/AndroidManifest.xml:228:13-59
activity#com.andbase.demo.activity.CalendarActivity
ADDED from src/main/AndroidManifest.xml:232:9-235:20
	android:configChanges
		ADDED from src/main/AndroidManifest.xml:234:13-63
	android:name
		ADDED from src/main/AndroidManifest.xml:233:13-59
activity#com.andbase.demo.activity.PHashActivity
ADDED from src/main/AndroidManifest.xml:238:9-241:20
	android:configChanges
		ADDED from src/main/AndroidManifest.xml:240:13-63
	android:name
		ADDED from src/main/AndroidManifest.xml:239:13-56
activity#com.andbase.demo.activity.PullToRefreshViewActivity
ADDED from src/main/AndroidManifest.xml:243:10-246:20
	android:configChanges
		ADDED from src/main/AndroidManifest.xml:245:13-63
	android:name
		ADDED from src/main/AndroidManifest.xml:244:13-68
activity#com.andbase.demo.activity.PullToRefreshMultiColumnListActivity
ADDED from src/main/AndroidManifest.xml:248:10-251:20
	android:configChanges
		ADDED from src/main/AndroidManifest.xml:250:13-63
	android:name
		ADDED from src/main/AndroidManifest.xml:249:13-79
activity#com.andbase.demo.activity.SlidingMenuActivity
ADDED from src/main/AndroidManifest.xml:253:9-256:20
	android:configChanges
		ADDED from src/main/AndroidManifest.xml:255:13-63
	android:name
		ADDED from src/main/AndroidManifest.xml:254:13-62
activity#com.andbase.demo.activity.SlidingMenuLeftActivity
ADDED from src/main/AndroidManifest.xml:258:9-261:20
	android:configChanges
		ADDED from src/main/AndroidManifest.xml:260:13-63
	android:name
		ADDED from src/main/AndroidManifest.xml:259:13-66
activity#com.andbase.demo.activity.SlidingMenuRightActivity
ADDED from src/main/AndroidManifest.xml:263:9-266:20
	android:configChanges
		ADDED from src/main/AndroidManifest.xml:265:13-63
	android:name
		ADDED from src/main/AndroidManifest.xml:264:13-67
activity#com.andbase.demo.activity.SlidingMenuLeftRightActivity
ADDED from src/main/AndroidManifest.xml:268:9-271:20
	android:configChanges
		ADDED from src/main/AndroidManifest.xml:270:13-63
	android:name
		ADDED from src/main/AndroidManifest.xml:269:13-71
activity#com.andbase.demo.activity.SlidingMenuZoomActivity
ADDED from src/main/AndroidManifest.xml:273:9-276:20
	android:configChanges
		ADDED from src/main/AndroidManifest.xml:275:13-63
	android:name
		ADDED from src/main/AndroidManifest.xml:274:13-66
activity#com.andbase.demo.activity.SlidingMenuSlideActivity
ADDED from src/main/AndroidManifest.xml:278:9-281:20
	android:configChanges
		ADDED from src/main/AndroidManifest.xml:280:13-63
	android:name
		ADDED from src/main/AndroidManifest.xml:279:13-67
activity#com.andbase.demo.activity.SlidingMenuScaleActivity
ADDED from src/main/AndroidManifest.xml:283:9-286:20
	android:configChanges
		ADDED from src/main/AndroidManifest.xml:285:13-63
	android:name
		ADDED from src/main/AndroidManifest.xml:284:13-67
activity#com.andbase.demo.activity.SlidingMenuTitleHoldActivity
ADDED from src/main/AndroidManifest.xml:288:9-291:20
	android:configChanges
		ADDED from src/main/AndroidManifest.xml:290:13-63
	android:name
		ADDED from src/main/AndroidManifest.xml:289:13-71
activity#com.andbase.demo.activity.CarouselActivity
ADDED from src/main/AndroidManifest.xml:293:9-296:20
	android:configChanges
		ADDED from src/main/AndroidManifest.xml:295:13-63
	android:name
		ADDED from src/main/AndroidManifest.xml:294:13-59
activity#com.andbase.demo.activity.CarouselImageActivity
ADDED from src/main/AndroidManifest.xml:298:9-301:20
	android:configChanges
		ADDED from src/main/AndroidManifest.xml:300:13-63
	android:name
		ADDED from src/main/AndroidManifest.xml:299:13-64
activity#com.andbase.demo.activity.CarouselViewActivity
ADDED from src/main/AndroidManifest.xml:303:9-306:20
	android:configChanges
		ADDED from src/main/AndroidManifest.xml:305:13-63
	android:name
		ADDED from src/main/AndroidManifest.xml:304:13-63
activity#com.andbase.demo.activity.ProgressBarActivity
ADDED from src/main/AndroidManifest.xml:308:9-311:20
	android:configChanges
		ADDED from src/main/AndroidManifest.xml:310:13-63
	android:name
		ADDED from src/main/AndroidManifest.xml:309:13-62
activity#com.andbase.demo.activity.ProgressBarCircleActivity
ADDED from src/main/AndroidManifest.xml:313:9-316:20
	android:configChanges
		ADDED from src/main/AndroidManifest.xml:315:13-63
	android:name
		ADDED from src/main/AndroidManifest.xml:314:13-68
activity#com.andbase.demo.activity.ProgressBarHorizontalActivity
ADDED from src/main/AndroidManifest.xml:318:9-321:20
	android:configChanges
		ADDED from src/main/AndroidManifest.xml:320:13-63
	android:name
		ADDED from src/main/AndroidManifest.xml:319:13-72
activity#com.andbase.demo.activity.IocViewActivity
ADDED from src/main/AndroidManifest.xml:323:9-326:20
	android:configChanges
		ADDED from src/main/AndroidManifest.xml:325:13-63
	android:name
		ADDED from src/main/AndroidManifest.xml:324:13-58
activity#com.andbase.demo.activity.Rotate3DActivity
ADDED from src/main/AndroidManifest.xml:328:9-331:20
	android:configChanges
		ADDED from src/main/AndroidManifest.xml:330:13-63
	android:name
		ADDED from src/main/AndroidManifest.xml:329:13-59
activity#com.andbase.demo.activity.Rotate3DActivity1
ADDED from src/main/AndroidManifest.xml:333:10-336:20
	android:configChanges
		ADDED from src/main/AndroidManifest.xml:335:13-63
	android:name
		ADDED from src/main/AndroidManifest.xml:334:13-60
activity#com.andbase.demo.activity.Rotate3DActivity2
ADDED from src/main/AndroidManifest.xml:338:11-341:20
	android:configChanges
		ADDED from src/main/AndroidManifest.xml:340:13-63
	android:name
		ADDED from src/main/AndroidManifest.xml:339:13-60
activity#com.andbase.demo.activity.HttpActivity
ADDED from src/main/AndroidManifest.xml:343:9-346:20
	android:configChanges
		ADDED from src/main/AndroidManifest.xml:345:13-63
	android:name
		ADDED from src/main/AndroidManifest.xml:344:13-55
activity#com.andbase.demo.activity.SoapActivity
ADDED from src/main/AndroidManifest.xml:348:8-351:20
	android:configChanges
		ADDED from src/main/AndroidManifest.xml:350:13-63
	android:name
		ADDED from src/main/AndroidManifest.xml:349:13-55
activity#com.andbase.demo.activity.NestScrollActivity
ADDED from src/main/AndroidManifest.xml:353:9-356:20
	android:configChanges
		ADDED from src/main/AndroidManifest.xml:355:13-63
	android:name
		ADDED from src/main/AndroidManifest.xml:354:13-61
activity#com.andbase.demo.activity.ListNestViewPagerActivity
ADDED from src/main/AndroidManifest.xml:358:9-361:20
	android:configChanges
		ADDED from src/main/AndroidManifest.xml:360:13-63
	android:name
		ADDED from src/main/AndroidManifest.xml:359:13-68
activity#com.andbase.demo.activity.SlidingMenuNestViewPagerActivity
ADDED from src/main/AndroidManifest.xml:363:9-366:20
	android:configChanges
		ADDED from src/main/AndroidManifest.xml:365:13-63
	android:name
		ADDED from src/main/AndroidManifest.xml:364:13-75
activity#com.andbase.demo.activity.AnalogClockActivity
ADDED from src/main/AndroidManifest.xml:368:9-371:20
	android:configChanges
		ADDED from src/main/AndroidManifest.xml:370:13-63
	android:name
		ADDED from src/main/AndroidManifest.xml:369:13-62
activity#com.andbase.demo.activity.NumberClockActivity
ADDED from src/main/AndroidManifest.xml:373:9-376:20
	android:configChanges
		ADDED from src/main/AndroidManifest.xml:375:13-63
	android:name
		ADDED from src/main/AndroidManifest.xml:374:13-62
activity#com.andbase.demo.activity.DeskCalendarActivity
ADDED from src/main/AndroidManifest.xml:378:9-381:20
	android:configChanges
		ADDED from src/main/AndroidManifest.xml:380:13-63
	android:name
		ADDED from src/main/AndroidManifest.xml:379:13-63
activity#com.andbase.demo.activity.PopoverActivity
ADDED from src/main/AndroidManifest.xml:383:9-386:20
	android:configChanges
		ADDED from src/main/AndroidManifest.xml:385:13-63
	android:name
		ADDED from src/main/AndroidManifest.xml:384:13-58
activity#com.andbase.demo.activity.SlidingMenuNestTabActivity
ADDED from src/main/AndroidManifest.xml:388:9-391:20
	android:configChanges
		ADDED from src/main/AndroidManifest.xml:390:13-63
	android:name
		ADDED from src/main/AndroidManifest.xml:389:13-69
activity#com.andbase.blog.WebActivity
ADDED from src/main/AndroidManifest.xml:393:9-396:20
	android:configChanges
		ADDED from src/main/AndroidManifest.xml:395:13-63
	android:name
		ADDED from src/main/AndroidManifest.xml:394:13-45
activity#com.andbase.login.LoginActivity
ADDED from src/main/AndroidManifest.xml:398:9-401:20
	android:configChanges
		ADDED from src/main/AndroidManifest.xml:400:13-63
	android:name
		ADDED from src/main/AndroidManifest.xml:399:13-48
activity#com.andbase.login.RegisterActivity
ADDED from src/main/AndroidManifest.xml:403:9-406:20
	android:configChanges
		ADDED from src/main/AndroidManifest.xml:405:13-63
	android:name
		ADDED from src/main/AndroidManifest.xml:404:13-51
activity#com.andbase.login.AgreementActivity
ADDED from src/main/AndroidManifest.xml:408:10-411:20
	android:configChanges
		ADDED from src/main/AndroidManifest.xml:410:13-63
	android:name
		ADDED from src/main/AndroidManifest.xml:409:13-52
activity#com.andbase.login.FindPwdActivity
ADDED from src/main/AndroidManifest.xml:413:10-416:20
	android:configChanges
		ADDED from src/main/AndroidManifest.xml:415:13-63
	android:name
		ADDED from src/main/AndroidManifest.xml:414:13-50
activity#com.andbase.login.AboutActivity
ADDED from src/main/AndroidManifest.xml:418:9-421:20
	android:configChanges
		ADDED from src/main/AndroidManifest.xml:420:13-63
	android:name
		ADDED from src/main/AndroidManifest.xml:419:13-48
activity#com.andbase.im.activity.ContacterActivity
ADDED from src/main/AndroidManifest.xml:423:9-426:20
	android:configChanges
		ADDED from src/main/AndroidManifest.xml:425:13-63
	android:name
		ADDED from src/main/AndroidManifest.xml:424:13-58
activity#com.andbase.im.activity.ChatActivity
ADDED from src/main/AndroidManifest.xml:428:9-431:20
	android:configChanges
		ADDED from src/main/AndroidManifest.xml:430:13-63
	android:name
		ADDED from src/main/AndroidManifest.xml:429:13-53
activity#com.andbase.im.activity.MessageActivity
ADDED from src/main/AndroidManifest.xml:433:9-436:20
	android:configChanges
		ADDED from src/main/AndroidManifest.xml:435:13-63
	android:name
		ADDED from src/main/AndroidManifest.xml:434:13-56
activity#com.kfb.c.Kf
ADDED from src/main/AndroidManifest.xml:438:9-440:43
	android:screenOrientation
		ADDED from src/main/AndroidManifest.xml:440:4-40
	android:launchMode
		ADDED from src/main/AndroidManifest.xml:439:4-39
	android:name
		ADDED from src/main/AndroidManifest.xml:438:19-46
activity#com.kfb.a.Qim
ADDED from src/main/AndroidManifest.xml:442:9-446:75
	android:launchMode
		ADDED from src/main/AndroidManifest.xml:445:13-48
	android:configChanges
		ADDED from src/main/AndroidManifest.xml:444:13-72
	android:theme
		ADDED from src/main/AndroidManifest.xml:446:13-72
	android:name
		ADDED from src/main/AndroidManifest.xml:443:13-41
service#com.baidu.location.f
ADDED from src/main/AndroidManifest.xml:448:4-456:19
	android:process
		ADDED from src/main/AndroidManifest.xml:451:13-38
	android:enabled
		ADDED from src/main/AndroidManifest.xml:450:13-35
	android:name
		ADDED from src/main/AndroidManifest.xml:449:13-48
intent-filter#com.baidu.location.service_v2.2
ADDED from src/main/AndroidManifest.xml:452:13-455:29
action#com.baidu.location.service_v2.2
ADDED from src/main/AndroidManifest.xml:453:17-454:26
	android:name
		ADDED from src/main/AndroidManifest.xml:453:25-71
meta-data#com.baidu.lbsapi.API_KEY
ADDED from src/main/AndroidManifest.xml:459:9-461:56
	android:value
		ADDED from src/main/AndroidManifest.xml:461:13-53
	android:name
		ADDED from src/main/AndroidManifest.xml:460:13-52
uses-permission#android.permission.BLUETOOTH
ADDED from [:andBase] AndroidManifest.xml:13:5-68
	android:name
		ADDED from [:andBase] AndroidManifest.xml:13:22-65
uses-permission#android.permission.BLUETOOTH_ADMIN
ADDED from [:andBase] AndroidManifest.xml:14:5-74
	android:name
		ADDED from [:andBase] AndroidManifest.xml:14:22-71